<?xml version="1.0" encoding="UTF-8"?>
<!-- Generated by org.testng.reporters.JUnitXMLReporter -->
<testsuite ignored="0" hostname="Simar-Laptop" failures="1" tests="3" name="Test" time="0.072" errors="0" timestamp="2022-02-19T18:56:08 IST">
  <testcase classname="demo.testng.first.AlphabetTest" name="f1" time="0.01"/>
  <testcase classname="demo.testng.first.AlphabetTest" name="f2" time="0.006">
    <failure type="java.lang.AssertionError" message="expected [b] but found [B]">
      <![CDATA[java.lang.AssertionError: expected [b] but found [B]
at demo.testng.first.AlphabetTest.f2(AlphabetTest.java:13)
at java.base/java.util.ArrayList.forEach(ArrayList.java:1540)
... Removed 33 stack frames]]>
    </failure>
  </testcase> <!-- f2 -->
  <testcase classname="demo.testng.first.AlphabetTest" name="f3" time="0.005"/>
</testsuite> <!-- Test -->
